<?xml version="1.0" encoding="UTF-8"?>
<!-- Generated by org.testng.reporters.JUnitReportReporter -->
<testsuite hostname="tp3vdiw10dev205" name="com.practice.iquestions.CrossBrowserTestingDemo" tests="2" failures="0" timestamp="19 Jun 2019 10:45:47 GMT" time="17.188" errors="0">
  <testcase name="launchBrowser" time="5.679" classname="com.practice.iquestions.CrossBrowserTestingDemo"/>
  <testcase name="launchBrowser" time="11.509" classname="com.practice.iquestions.CrossBrowserTestingDemo"/>
</testsuite> <!-- com.practice.iquestions.CrossBrowserTestingDemo -->
